2018-07-03 12:51:52,467 [main] INFO  com.lhs.www.Start ? - Starting Start on PACT-20171225SE with PID 11088 (F:\Scott\newWork\springBoot\target\classes started by pact in F:\Scott\newWork\springBoot)
2018-07-03 12:51:52,468 [main] INFO  com.lhs.www.Start ? - The following profiles are active: dev
2018-07-03 12:51:52,503 [main] INFO  o.s.b.c.e.AnnotationConfigEmbeddedWebApplicationContext ? - Refreshing org.springframework.boot.context.embedded.AnnotationConfigEmbeddedWebApplicationContext@6aeb35e6: startup date [Tue Jul 03 12:51:52 CST 2018]; root of context hierarchy
2018-07-03 12:51:52,895 [background-preinit] INFO  o.h.validator.internal.util.Version ? - HV000001: Hibernate Validator 5.3.5.Final
2018-07-03 12:51:53,629 [main] INFO  o.s.c.s.PostProcessorRegistrationDelegate$BeanPostProcessorChecker ? - Bean 'dataSourceConfiguration' of type [com.lhs.www.initConfig.DataSourceConfiguration$$EnhancerBySpringCGLIB$$23be62e8] is not eligible for getting processed by all BeanPostProcessors (for example: not eligible for auto-proxying)
2018-07-03 12:51:53,657 [main] INFO  com.mchange.v2.log.MLog ? - MLog clients using log4j logging.
2018-07-03 12:51:53,774 [main] INFO  com.mchange.v2.c3p0.C3P0Registry ? - Initializing c3p0-0.9.1.2 [built 21-May-2007 15:04:56; debug? true; trace: 10]
2018-07-03 12:51:53,829 [main] INFO  o.s.c.s.PostProcessorRegistrationDelegate$BeanPostProcessorChecker ? - Bean 'dataSource' of type [com.mchange.v2.c3p0.ComboPooledDataSource] is not eligible for getting processed by all BeanPostProcessors (for example: not eligible for auto-proxying)
2018-07-03 12:51:53,829 [main] INFO  o.s.c.s.PostProcessorRegistrationDelegate$BeanPostProcessorChecker ? - Bean 'sessionFactoryConfiguration' of type [com.lhs.www.initConfig.SessionFactoryConfiguration$$EnhancerBySpringCGLIB$$370423b9] is not eligible for getting processed by all BeanPostProcessors (for example: not eligible for auto-proxying)
2018-07-03 12:51:54,278 [main] INFO  o.s.c.s.PostProcessorRegistrationDelegate$BeanPostProcessorChecker ? - Bean 'sqlSessionFactory' of type [org.mybatis.spring.SqlSessionFactoryBean] is not eligible for getting processed by all BeanPostProcessors (for example: not eligible for auto-proxying)
2018-07-03 12:51:54,278 [main] INFO  o.s.c.s.PostProcessorRegistrationDelegate$BeanPostProcessorChecker ? - Bean 'sqlSessionFactory' of type [org.apache.ibatis.session.defaults.DefaultSqlSessionFactory] is not eligible for getting processed by all BeanPostProcessors (for example: not eligible for auto-proxying)
2018-07-03 12:51:54,396 [main] INFO  o.s.c.s.PostProcessorRegistrationDelegate$BeanPostProcessorChecker ? - Bean 'mybatis-org.mybatis.spring.boot.autoconfigure.MybatisProperties' of type [org.mybatis.spring.boot.autoconfigure.MybatisProperties] is not eligible for getting processed by all BeanPostProcessors (for example: not eligible for auto-proxying)
2018-07-03 12:51:54,405 [main] INFO  o.s.c.s.PostProcessorRegistrationDelegate$BeanPostProcessorChecker ? - Bean 'org.mybatis.spring.boot.autoconfigure.MybatisAutoConfiguration' of type [org.mybatis.spring.boot.autoconfigure.MybatisAutoConfiguration$$EnhancerBySpringCGLIB$$edeb4e23] is not eligible for getting processed by all BeanPostProcessors (for example: not eligible for auto-proxying)
2018-07-03 12:51:54,415 [main] INFO  o.s.c.s.PostProcessorRegistrationDelegate$BeanPostProcessorChecker ? - Bean 'sqlSessionTemplate' of type [org.mybatis.spring.SqlSessionTemplate] is not eligible for getting processed by all BeanPostProcessors (for example: not eligible for auto-proxying)
2018-07-03 12:51:54,416 [main] INFO  o.s.c.s.PostProcessorRegistrationDelegate$BeanPostProcessorChecker ? - Bean 'userDao' of type [org.mybatis.spring.mapper.MapperFactoryBean] is not eligible for getting processed by all BeanPostProcessors (for example: not eligible for auto-proxying)
2018-07-03 12:51:54,417 [main] INFO  o.s.c.s.PostProcessorRegistrationDelegate$BeanPostProcessorChecker ? - Bean 'testIndexDao' of type [org.mybatis.spring.mapper.MapperFactoryBean] is not eligible for getting processed by all BeanPostProcessors (for example: not eligible for auto-proxying)
2018-07-03 12:51:54,418 [main] INFO  o.s.c.s.PostProcessorRegistrationDelegate$BeanPostProcessorChecker ? - Bean 'productDao' of type [org.mybatis.spring.mapper.MapperFactoryBean] is not eligible for getting processed by all BeanPostProcessors (for example: not eligible for auto-proxying)
2018-07-03 12:51:54,419 [main] INFO  o.s.c.s.PostProcessorRegistrationDelegate$BeanPostProcessorChecker ? - Bean 'orderDao' of type [org.mybatis.spring.mapper.MapperFactoryBean] is not eligible for getting processed by all BeanPostProcessors (for example: not eligible for auto-proxying)
2018-07-03 12:51:54,439 [main] INFO  o.s.c.s.PostProcessorRegistrationDelegate$BeanPostProcessorChecker ? - Bean 'org.springframework.amqp.rabbit.annotation.RabbitBootstrapConfiguration' of type [org.springframework.amqp.rabbit.annotation.RabbitBootstrapConfiguration$$EnhancerBySpringCGLIB$$8182bb21] is not eligible for getting processed by all BeanPostProcessors (for example: not eligible for auto-proxying)
2018-07-03 12:51:54,818 [main] INFO  o.s.b.c.e.t.TomcatEmbeddedServletContainer ? - Tomcat initialized with port(s): 8443 (https)
2018-07-03 12:51:54,841 [main] INFO  o.a.catalina.core.StandardService ? - Starting service [Tomcat]
2018-07-03 12:51:54,842 [main] INFO  o.a.catalina.core.StandardEngine ? - Starting Servlet Engine: Apache Tomcat/8.5.16
2018-07-03 12:51:54,981 [localhost-startStop-1] INFO  o.a.c.c.C.[Tomcat].[localhost].[/] ? - Initializing Spring embedded WebApplicationContext
2018-07-03 12:51:54,981 [localhost-startStop-1] INFO  o.s.web.context.ContextLoader ? - Root WebApplicationContext: initialization completed in 2478 ms
2018-07-03 12:51:55,138 [localhost-startStop-1] INFO  o.s.b.w.s.ServletRegistrationBean ? - Mapping servlet: 'buildInfo' to [/buildInfo]
2018-07-03 12:51:55,139 [localhost-startStop-1] INFO  o.s.b.w.s.ServletRegistrationBean ? - Mapping servlet: 'dispatcherServlet' to [/]
2018-07-03 12:51:55,158 [localhost-startStop-1] INFO  o.s.b.w.s.FilterRegistrationBean ? - Mapping filter: 'characterEncodingFilter' to: [/*]
2018-07-03 12:51:55,158 [localhost-startStop-1] INFO  o.s.b.w.s.FilterRegistrationBean ? - Mapping filter: 'hiddenHttpMethodFilter' to: [/*]
2018-07-03 12:51:55,158 [localhost-startStop-1] INFO  o.s.b.w.s.FilterRegistrationBean ? - Mapping filter: 'httpPutFormContentFilter' to: [/*]
2018-07-03 12:51:55,158 [localhost-startStop-1] INFO  o.s.b.w.s.FilterRegistrationBean ? - Mapping filter: 'requestContextFilter' to: [/*]
2018-07-03 12:51:55,158 [localhost-startStop-1] INFO  o.s.b.w.s.FilterRegistrationBean ? - Mapping filter: 'testFilterFirst' to urls: [/envs, /user/*]
2018-07-03 12:51:55,159 [localhost-startStop-1] INFO  o.s.b.w.s.FilterRegistrationBean ? - Mapping filter: 'testFilterSecond' to urls: [/envs, /user/*]
2018-07-03 12:51:55,296 [main] INFO  o.a.catalina.core.StandardService ? - Stopping service [Tomcat]
2018-07-03 12:51:55,337 [main] INFO  o.s.b.a.l.AutoConfigurationReportLoggingInitializer ? - 

Error starting ApplicationContext. To display the auto-configuration report re-run your application with 'debug' enabled.
2018-07-03 12:52:20,466 [main] INFO  o.s.b.c.e.AnnotationConfigEmbeddedWebApplicationContext ? - Refreshing org.springframework.boot.context.embedded.AnnotationConfigEmbeddedWebApplicationContext@6aeb35e6: startup date [Tue Jul 03 12:52:20 CST 2018]; root of context hierarchy
2018-07-03 12:52:21,317 [main] INFO  o.s.c.s.PostProcessorRegistrationDelegate$BeanPostProcessorChecker ? - Bean 'dataSourceConfiguration' of type [com.lhs.www.initConfig.DataSourceConfiguration$$EnhancerBySpringCGLIB$$b08903ab] is not eligible for getting processed by all BeanPostProcessors (for example: not eligible for auto-proxying)
2018-07-03 12:52:21,481 [main] INFO  o.s.c.s.PostProcessorRegistrationDelegate$BeanPostProcessorChecker ? - Bean 'dataSource' of type [com.mchange.v2.c3p0.ComboPooledDataSource] is not eligible for getting processed by all BeanPostProcessors (for example: not eligible for auto-proxying)
2018-07-03 12:52:21,482 [main] INFO  o.s.c.s.PostProcessorRegistrationDelegate$BeanPostProcessorChecker ? - Bean 'sessionFactoryConfiguration' of type [com.lhs.www.initConfig.SessionFactoryConfiguration$$EnhancerBySpringCGLIB$$c3cec47c] is not eligible for getting processed by all BeanPostProcessors (for example: not eligible for auto-proxying)
2018-07-03 12:52:21,709 [main] INFO  o.s.c.s.PostProcessorRegistrationDelegate$BeanPostProcessorChecker ? - Bean 'sqlSessionFactory' of type [org.mybatis.spring.SqlSessionFactoryBean] is not eligible for getting processed by all BeanPostProcessors (for example: not eligible for auto-proxying)
2018-07-03 12:52:21,709 [main] INFO  o.s.c.s.PostProcessorRegistrationDelegate$BeanPostProcessorChecker ? - Bean 'sqlSessionFactory' of type [org.apache.ibatis.session.defaults.DefaultSqlSessionFactory] is not eligible for getting processed by all BeanPostProcessors (for example: not eligible for auto-proxying)
2018-07-03 12:52:21,803 [main] INFO  o.s.c.s.PostProcessorRegistrationDelegate$BeanPostProcessorChecker ? - Bean 'mybatis-org.mybatis.spring.boot.autoconfigure.MybatisProperties' of type [org.mybatis.spring.boot.autoconfigure.MybatisProperties] is not eligible for getting processed by all BeanPostProcessors (for example: not eligible for auto-proxying)
2018-07-03 12:52:21,811 [main] INFO  o.s.c.s.PostProcessorRegistrationDelegate$BeanPostProcessorChecker ? - Bean 'org.mybatis.spring.boot.autoconfigure.MybatisAutoConfiguration' of type [org.mybatis.spring.boot.autoconfigure.MybatisAutoConfiguration$$EnhancerBySpringCGLIB$$7ab5eee6] is not eligible for getting processed by all BeanPostProcessors (for example: not eligible for auto-proxying)
2018-07-03 12:52:21,820 [main] INFO  o.s.c.s.PostProcessorRegistrationDelegate$BeanPostProcessorChecker ? - Bean 'sqlSessionTemplate' of type [org.mybatis.spring.SqlSessionTemplate] is not eligible for getting processed by all BeanPostProcessors (for example: not eligible for auto-proxying)
2018-07-03 12:52:21,820 [main] INFO  o.s.c.s.PostProcessorRegistrationDelegate$BeanPostProcessorChecker ? - Bean 'userDao' of type [org.mybatis.spring.mapper.MapperFactoryBean] is not eligible for getting processed by all BeanPostProcessors (for example: not eligible for auto-proxying)
2018-07-03 12:52:21,821 [main] INFO  o.s.c.s.PostProcessorRegistrationDelegate$BeanPostProcessorChecker ? - Bean 'testIndexDao' of type [org.mybatis.spring.mapper.MapperFactoryBean] is not eligible for getting processed by all BeanPostProcessors (for example: not eligible for auto-proxying)
2018-07-03 12:52:21,822 [main] INFO  o.s.c.s.PostProcessorRegistrationDelegate$BeanPostProcessorChecker ? - Bean 'productDao' of type [org.mybatis.spring.mapper.MapperFactoryBean] is not eligible for getting processed by all BeanPostProcessors (for example: not eligible for auto-proxying)
2018-07-03 12:52:21,823 [main] INFO  o.s.c.s.PostProcessorRegistrationDelegate$BeanPostProcessorChecker ? - Bean 'orderDao' of type [org.mybatis.spring.mapper.MapperFactoryBean] is not eligible for getting processed by all BeanPostProcessors (for example: not eligible for auto-proxying)
2018-07-03 12:52:21,844 [main] INFO  o.s.c.s.PostProcessorRegistrationDelegate$BeanPostProcessorChecker ? - Bean 'org.springframework.amqp.rabbit.annotation.RabbitBootstrapConfiguration' of type [org.springframework.amqp.rabbit.annotation.RabbitBootstrapConfiguration$$EnhancerBySpringCGLIB$$e4d5be4] is not eligible for getting processed by all BeanPostProcessors (for example: not eligible for auto-proxying)
2018-07-03 12:52:22,134 [main] INFO  o.s.b.c.e.t.TomcatEmbeddedServletContainer ? - Tomcat initialized with port(s): 8443 (https)
2018-07-03 12:52:22,265 [localhost-startStop-1] INFO  o.s.web.context.ContextLoader ? - Root WebApplicationContext: initialization completed in 1799 ms
2018-07-03 12:52:22,423 [localhost-startStop-1] INFO  o.s.b.w.s.ServletRegistrationBean ? - Mapping servlet: 'buildInfo' to [/buildInfo]
2018-07-03 12:52:22,424 [localhost-startStop-1] INFO  o.s.b.w.s.ServletRegistrationBean ? - Mapping servlet: 'dispatcherServlet' to [/]
2018-07-03 12:52:22,427 [localhost-startStop-1] INFO  o.s.b.w.s.FilterRegistrationBean ? - Mapping filter: 'characterEncodingFilter' to: [/*]
2018-07-03 12:52:22,427 [localhost-startStop-1] INFO  o.s.b.w.s.FilterRegistrationBean ? - Mapping filter: 'hiddenHttpMethodFilter' to: [/*]
2018-07-03 12:52:22,427 [localhost-startStop-1] INFO  o.s.b.w.s.FilterRegistrationBean ? - Mapping filter: 'httpPutFormContentFilter' to: [/*]
2018-07-03 12:52:22,427 [localhost-startStop-1] INFO  o.s.b.w.s.FilterRegistrationBean ? - Mapping filter: 'requestContextFilter' to: [/*]
2018-07-03 12:52:22,427 [localhost-startStop-1] INFO  o.s.b.w.s.FilterRegistrationBean ? - Mapping filter: 'testFilterFirst' to urls: [/envs, /user/*]
2018-07-03 12:52:22,427 [localhost-startStop-1] INFO  o.s.b.w.s.FilterRegistrationBean ? - Mapping filter: 'testFilterSecond' to urls: [/envs, /user/*]
2018-07-03 12:52:22,564 [main] INFO  o.s.b.a.l.AutoConfigurationReportLoggingInitializer ? - 

Error starting ApplicationContext. To display the auto-configuration report re-run your application with 'debug' enabled.
